Launching defaultServer (Open Liberty 19.0.0.2/wlp-1.0.25.cl190220190222-1311) on Java HotSpot(TM) 64-Bit Server VM, version 1.8.0_191-b12 (en_US)
[AUDIT   ] CWWKE0001I: The server defaultServer has been launched.
[AUDIT   ] CWWKZ0058I: Monitoring dropins for applications.
[WARNING ] SRVE9967W: The manifest class path jaxb-api.jar can not be found in jar file file:/C:/Users/Dell%20Inspiron%2015/.m2/repository/com/sun/xml/bind/jaxb-core/2.3.0.1/jaxb-core-2.3.0.1.jar or its parent.
[WARNING ] SRVE9967W: The manifest class path jaxb-runtime-2.3.2.jar can not be found in jar file file:/C:/Users/Dell%20Inspiron%2015/.m2/repository/com/sun/xml/bind/jaxb-impl/2.3.2/jaxb-impl-2.3.2.jar or its parent.
[WARNING ] SRVE9967W: The manifest class path txw2-2.3.2.jar can not be found in jar file file:/C:/Users/Dell%20Inspiron%2015/.m2/repository/com/sun/xml/bind/jaxb-impl/2.3.2/jaxb-impl-2.3.2.jar or its parent.
[WARNING ] SRVE9967W: The manifest class path istack-commons-runtime-3.0.8.jar can not be found in jar file file:/C:/Users/Dell%20Inspiron%2015/.m2/repository/com/sun/xml/bind/jaxb-impl/2.3.2/jaxb-impl-2.3.2.jar or its parent.
[WARNING ] SRVE9967W: The manifest class path stax-ex-1.8.1.jar can not be found in jar file file:/C:/Users/Dell%20Inspiron%2015/.m2/repository/com/sun/xml/bind/jaxb-impl/2.3.2/jaxb-impl-2.3.2.jar or its parent.
[WARNING ] SRVE9967W: The manifest class path FastInfoset-1.2.16.jar can not be found in jar file file:/C:/Users/Dell%20Inspiron%2015/.m2/repository/com/sun/xml/bind/jaxb-impl/2.3.2/jaxb-impl-2.3.2.jar or its parent.
[WARNING ] SRVE9967W: The manifest class path jakarta.activation-api-1.2.1.jar can not be found in jar file file:/C:/Users/Dell%20Inspiron%2015/.m2/repository/com/sun/xml/bind/jaxb-impl/2.3.2/jaxb-impl-2.3.2.jar or its parent.
[WARNING ] SRVE9967W: The manifest class path jaxb-api.jar can not be found in jar file file:/C:/Users/Dell%20Inspiron%2015/.m2/repository/com/sun/xml/bind/jaxb-core/2.3.0.1/jaxb-core-2.3.0.1.jar or its parent.
[WARNING ] SRVE9967W: The manifest class path jaxb-runtime-2.3.2.jar can not be found in jar file file:/C:/Users/Dell%20Inspiron%2015/.m2/repository/com/sun/xml/bind/jaxb-impl/2.3.2/jaxb-impl-2.3.2.jar or its parent.
[WARNING ] SRVE9967W: The manifest class path txw2-2.3.2.jar can not be found in jar file file:/C:/Users/Dell%20Inspiron%2015/.m2/repository/com/sun/xml/bind/jaxb-impl/2.3.2/jaxb-impl-2.3.2.jar or its parent.
[WARNING ] SRVE9967W: The manifest class path istack-commons-runtime-3.0.8.jar can not be found in jar file file:/C:/Users/Dell%20Inspiron%2015/.m2/repository/com/sun/xml/bind/jaxb-impl/2.3.2/jaxb-impl-2.3.2.jar or its parent.
[WARNING ] SRVE9967W: The manifest class path stax-ex-1.8.1.jar can not be found in jar file file:/C:/Users/Dell%20Inspiron%2015/.m2/repository/com/sun/xml/bind/jaxb-impl/2.3.2/jaxb-impl-2.3.2.jar or its parent.
[WARNING ] SRVE9967W: The manifest class path FastInfoset-1.2.16.jar can not be found in jar file file:/C:/Users/Dell%20Inspiron%2015/.m2/repository/com/sun/xml/bind/jaxb-impl/2.3.2/jaxb-impl-2.3.2.jar or its parent.
[WARNING ] SRVE9967W: The manifest class path jakarta.activation-api-1.2.1.jar can not be found in jar file file:/C:/Users/Dell%20Inspiron%2015/.m2/repository/com/sun/xml/bind/jaxb-impl/2.3.2/jaxb-impl-2.3.2.jar or its parent.
[AUDIT   ] CWWKT0016I: Web application available (default_host): http://desktop-7e98dqb:9080/converter/
[AUDIT   ] CWWKZ0001I: Application io.openliberty.guides.multimodules.ear started in 0.796 seconds.
[AUDIT   ] CWWKF0012I: The server installed the following features: [jsp-2.3, servlet-3.1, el-3.0].
[AUDIT   ] CWWKF0011I: The server defaultServer is ready to run a smarter planet.
[AUDIT   ] CWWKE0055I: Server shutdown requested on Thursday, March 21, 2019 at 3:48 PM. The server defaultServer is shutting down.
[AUDIT   ] CWWKE1100I: Waiting for up to 30 seconds for the server to quiesce.
[AUDIT   ] CWWKT0017I: Web application removed (default_host): http://desktop-7e98dqb:9080/converter/
[AUDIT   ] CWWKZ0009I: The application io.openliberty.guides.multimodules.ear has stopped successfully.
[AUDIT   ] CWWKE0036I: The server defaultServer stopped after 1 minutes, 56.979 seconds.
