********************************************************************************
product = Open Liberty 19.0.0.2 (wlp-1.0.25.cl190220190222-1311)
wlp.install.dir = C:/Projects/EARFolder/maventest/start/ear/target/liberty/wlp/
java.home = C:\Program Files\Java\jre1.8.0_191
java.version = 1.8.0_191
java.runtime = Java(TM) SE Runtime Environment (1.8.0_191-b12)
os = Windows 10 (10.0; amd64) (en_US)
process = 14132@DESKTOP-7E98DQB
********************************************************************************
[3/21/19 15:46:39:918 BOT] 00000001 com.ibm.ws.kernel.launch.internal.FrameworkManager           A CWWKE0001I: The server defaultServer has been launched.
[3/21/19 15:48:03:350 BOT] 00000001 com.ibm.ws.kernel.launch.internal.FrameworkManager           I CWWKE0002I: The kernel started after 100.682 seconds
[3/21/19 15:48:03:551 BOT] 0000001b com.ibm.ws.kernel.feature.internal.FeatureManager            I CWWKF0007I: Feature update started.
[3/21/19 15:48:15:345 BOT] 00000014 com.ibm.ws.app.manager.internal.monitor.DropinMonitor        A CWWKZ0058I: Monitoring dropins for applications.
[3/21/19 15:48:15:447 BOT] 0000001f com.ibm.ws.tcpchannel.internal.TCPChannel                    I CWWKO0219I: TCP Channel defaultHttpEndpoint has been started and is now listening for requests on host *  (IPv6) port 9080.
[3/21/19 15:48:15:691 BOT] 00000021 com.ibm.ws.app.manager.AppMessageHelper                      I CWWKZ0018I: Starting application io.openliberty.guides.multimodules.ear.
[3/21/19 15:48:15:850 BOT] 00000021 m.ibm.ws.container.service.app.deploy.ManifestClassPathUtils W SRVE9967W: The manifest class path jaxb-api.jar can not be found in jar file file:/C:/Users/Dell%20Inspiron%2015/.m2/repository/com/sun/xml/bind/jaxb-core/2.3.0.1/jaxb-core-2.3.0.1.jar or its parent.
[3/21/19 15:48:15:881 BOT] 00000021 m.ibm.ws.container.service.app.deploy.ManifestClassPathUtils W SRVE9967W: The manifest class path jaxb-runtime-2.3.2.jar can not be found in jar file file:/C:/Users/Dell%20Inspiron%2015/.m2/repository/com/sun/xml/bind/jaxb-impl/2.3.2/jaxb-impl-2.3.2.jar or its parent.
[3/21/19 15:48:15:888 BOT] 00000021 m.ibm.ws.container.service.app.deploy.ManifestClassPathUtils W SRVE9967W: The manifest class path txw2-2.3.2.jar can not be found in jar file file:/C:/Users/Dell%20Inspiron%2015/.m2/repository/com/sun/xml/bind/jaxb-impl/2.3.2/jaxb-impl-2.3.2.jar or its parent.
[3/21/19 15:48:15:889 BOT] 00000021 m.ibm.ws.container.service.app.deploy.ManifestClassPathUtils W SRVE9967W: The manifest class path istack-commons-runtime-3.0.8.jar can not be found in jar file file:/C:/Users/Dell%20Inspiron%2015/.m2/repository/com/sun/xml/bind/jaxb-impl/2.3.2/jaxb-impl-2.3.2.jar or its parent.
[3/21/19 15:48:15:892 BOT] 00000021 m.ibm.ws.container.service.app.deploy.ManifestClassPathUtils W SRVE9967W: The manifest class path stax-ex-1.8.1.jar can not be found in jar file file:/C:/Users/Dell%20Inspiron%2015/.m2/repository/com/sun/xml/bind/jaxb-impl/2.3.2/jaxb-impl-2.3.2.jar or its parent.
[3/21/19 15:48:15:893 BOT] 00000021 m.ibm.ws.container.service.app.deploy.ManifestClassPathUtils W SRVE9967W: The manifest class path FastInfoset-1.2.16.jar can not be found in jar file file:/C:/Users/Dell%20Inspiron%2015/.m2/repository/com/sun/xml/bind/jaxb-impl/2.3.2/jaxb-impl-2.3.2.jar or its parent.
[3/21/19 15:48:15:894 BOT] 00000021 m.ibm.ws.container.service.app.deploy.ManifestClassPathUtils W SRVE9967W: The manifest class path jakarta.activation-api-1.2.1.jar can not be found in jar file file:/C:/Users/Dell%20Inspiron%2015/.m2/repository/com/sun/xml/bind/jaxb-impl/2.3.2/jaxb-impl-2.3.2.jar or its parent.
[3/21/19 15:48:16:258 BOT] 00000021 m.ibm.ws.container.service.app.deploy.ManifestClassPathUtils W SRVE9967W: The manifest class path jaxb-api.jar can not be found in jar file file:/C:/Users/Dell%20Inspiron%2015/.m2/repository/com/sun/xml/bind/jaxb-core/2.3.0.1/jaxb-core-2.3.0.1.jar or its parent.
[3/21/19 15:48:16:298 BOT] 00000021 m.ibm.ws.container.service.app.deploy.ManifestClassPathUtils W SRVE9967W: The manifest class path jaxb-runtime-2.3.2.jar can not be found in jar file file:/C:/Users/Dell%20Inspiron%2015/.m2/repository/com/sun/xml/bind/jaxb-impl/2.3.2/jaxb-impl-2.3.2.jar or its parent.
[3/21/19 15:48:16:298 BOT] 00000021 m.ibm.ws.container.service.app.deploy.ManifestClassPathUtils W SRVE9967W: The manifest class path txw2-2.3.2.jar can not be found in jar file file:/C:/Users/Dell%20Inspiron%2015/.m2/repository/com/sun/xml/bind/jaxb-impl/2.3.2/jaxb-impl-2.3.2.jar or its parent.
[3/21/19 15:48:16:300 BOT] 00000021 m.ibm.ws.container.service.app.deploy.ManifestClassPathUtils W SRVE9967W: The manifest class path istack-commons-runtime-3.0.8.jar can not be found in jar file file:/C:/Users/Dell%20Inspiron%2015/.m2/repository/com/sun/xml/bind/jaxb-impl/2.3.2/jaxb-impl-2.3.2.jar or its parent.
[3/21/19 15:48:16:300 BOT] 00000021 m.ibm.ws.container.service.app.deploy.ManifestClassPathUtils W SRVE9967W: The manifest class path stax-ex-1.8.1.jar can not be found in jar file file:/C:/Users/Dell%20Inspiron%2015/.m2/repository/com/sun/xml/bind/jaxb-impl/2.3.2/jaxb-impl-2.3.2.jar or its parent.
[3/21/19 15:48:16:301 BOT] 00000021 m.ibm.ws.container.service.app.deploy.ManifestClassPathUtils W SRVE9967W: The manifest class path FastInfoset-1.2.16.jar can not be found in jar file file:/C:/Users/Dell%20Inspiron%2015/.m2/repository/com/sun/xml/bind/jaxb-impl/2.3.2/jaxb-impl-2.3.2.jar or its parent.
[3/21/19 15:48:16:302 BOT] 00000021 m.ibm.ws.container.service.app.deploy.ManifestClassPathUtils W SRVE9967W: The manifest class path jakarta.activation-api-1.2.1.jar can not be found in jar file file:/C:/Users/Dell%20Inspiron%2015/.m2/repository/com/sun/xml/bind/jaxb-impl/2.3.2/jaxb-impl-2.3.2.jar or its parent.
[3/21/19 15:48:16:395 BOT] 00000021 com.ibm.ws.session.WASSessionCore                            I SESN8501I: The session manager did not find a persistent storage location; HttpSession objects will be stored in the local application server's memory.
[3/21/19 15:48:16:462 BOT] 00000021 com.ibm.ws.webcontainer.osgi.webapp.WebGroup                 I SRVE0169I: Loading Web Module: Archetype Created Web Application.
[3/21/19 15:48:16:466 BOT] 00000021 com.ibm.ws.webcontainer                                      I SRVE0250I: Web Module Archetype Created Web Application has been bound to default_host.
[3/21/19 15:48:16:468 BOT] 00000021 com.ibm.ws.http.internal.VirtualHostImpl                     A CWWKT0016I: Web application available (default_host): http://desktop-7e98dqb:9080/converter/
[3/21/19 15:48:16:487 BOT] 00000021 com.ibm.ws.app.manager.AppMessageHelper                      A CWWKZ0001I: Application io.openliberty.guides.multimodules.ear started in 0.796 seconds.
[3/21/19 15:48:16:556 BOT] 0000001f com.ibm.ws.session.WASSessionCore                            I SESN0176I: A new session context will be created for application key default_host/converter
[3/21/19 15:48:16:576 BOT] 0000001f com.ibm.ws.util                                              I SESN0172I: The session manager is using the Java default SecureRandom implementation for session ID generation.
[3/21/19 15:48:16:603 BOT] 0000001b com.ibm.ws.kernel.feature.internal.FeatureManager            A CWWKF0012I: The server installed the following features: [jsp-2.3, servlet-3.1, el-3.0].
[3/21/19 15:48:16:606 BOT] 0000001b com.ibm.ws.kernel.feature.internal.FeatureManager            I CWWKF0008I: Feature update completed in 13.299 seconds.
[3/21/19 15:48:16:606 BOT] 0000001b com.ibm.ws.kernel.feature.internal.FeatureManager            A CWWKF0011I: The server defaultServer is ready to run a smarter planet.
[3/21/19 15:48:17:134 BOT] 00000022 com.ibm.ws.webcontainer.osgi.mbeans.PluginGenerator          I SRVE9103I: A configuration file for a web server plugin was automatically generated for this server at C:\Projects\EARFolder\maventest\start\ear\target\liberty\wlp\usr\servers\defaultServer\logs\state\plugin-cfg.xml.
[3/21/19 15:48:18:965 BOT] 00000011 com.ibm.ws.kernel.launch.internal.ServerCommandListener      A CWWKE0055I: Server shutdown requested on Thursday, March 21, 2019 at 3:48 PM. The server defaultServer is shutting down.
[3/21/19 15:48:18:968 BOT] 00000032 com.ibm.ws.runtime.update.internal.RuntimeUpdateManagerImpl  A CWWKE1100I: Waiting for up to 30 seconds for the server to quiesce.
[3/21/19 15:48:18:979 BOT] 0000002b com.ibm.ws.tcpchannel.internal.TCPChannel                    I CWWKO0220I: TCP Channel defaultHttpEndpoint has stopped listening for requests on host *  (IPv6) port 9080.
[3/21/19 15:48:18:981 BOT] 0000002b com.ibm.ws.http.internal.VirtualHostImpl                     A CWWKT0017I: Web application removed (default_host): http://desktop-7e98dqb:9080/converter/
[3/21/19 15:48:18:986 BOT] 00000032 com.ibm.ws.runtime.update.internal.RuntimeUpdateManagerImpl  I CWWKE1101I: Server quiesce complete.
[3/21/19 15:48:19:022 BOT] 00000021 com.ibm.ws.app.manager.AppMessageHelper                      A CWWKZ0009I: The application io.openliberty.guides.multimodules.ear has stopped successfully.
[3/21/19 15:48:19:643 BOT] 00000001 com.ibm.ws.kernel.launch.internal.FrameworkManager           A CWWKE0036I: The server defaultServer stopped after 1 minutes, 56.979 seconds.
